<?xml version="1.0" encoding="ISO-8859-1"?>

<configuration>
  <!-- Portlet container hooks -->
  <component>
    <type>org.exoplatform.services.portletcontainer.impl.PortletPreferencesPersisterImpl</type>
  </component>  
  <component>
    <type>org.exoplatform.services.portletcontainer.impl.ResourceBundleDelegateImpl</type>
  </component>    
</configuration>
