<?xml version="1.0" encoding="ISO-8859-1"?>

<configuration>
  <!-- Portlet container hooks -->
  <component>
    <type>org.exoplatform.services.portletcontainer.plugins.pc.PortletPreferencesPersisterImpl</type>
  </component>
  <component>
    <type>org.exoplatform.services.portletcontainer.plugins.pc.ResourceBundleDelegateImpl</type>
  </component>
  <component>
    <key>org.exoplatform.services.resources.ResourceBundleService</key>
    <type>org.exoplatform.services.resources.impl.hibernate.ResourceBundleServiceImpl</type>
    <init-params>
      <values-param>
        <name>classpath.resources</name>
        <description>The resources  that start with the following package name should be load from file system</description>
        <value>locale.portlet</value>
      </values-param>

      <values-param>
        <name>init.resources</name>
        <description>Store the following resources into the db for  the first launch </description>
        <value>locale.test.resources.test</value>
      </values-param>

      <values-param>
        <name>portal.resource.names</name>
        <description>The properties files of  the portal ,  those file will be merged
          into one ResoruceBundle properties </description>
        <value>local.portal.portal</value>
        <value>local.portal.custom</value>
        <value></value>
      </values-param>
    </init-params>
  </component>
  
  <component>
    <key>org.exoplatform.services.organization.OrganizationService</key>
    <type>org.exoplatform.services.organization.hibernate.OrganizationServiceImpl</type>
  </component>
  
  <component>
    <key>org.exoplatform.services.database.HibernateService</key>
    <type>org.exoplatform.services.database.impl.HibernateServiceImpl</type>
    <init-params>
      <properties-param>
        <name>hibernate.properties</name>
        <description>Default Hibernate Service</description>
        <property name="hibernate.show_sql" value="false"/>
        <property name="hibernate.cglib.use_reflection_optimizer" value="true"/>
        <property name="hibernate.connection.url" value="jdbc:hsqldb:mem:temp/data/portal"/>
        <property name="hibernate.connection.driver_class" value="org.hsqldb.jdbcDriver"/>
        <property name="hibernate.connection.autocommit" value="true"/>
        <property name="hibernate.connection.username" value="sa"/>
        <property name="hibernate.connection.password" value=""/>
        <property name="hibernate.dialect" value="org.hibernate.dialect.HSQLDialect"/>
        <property name="hibernate.c3p0.min_size" value="5"/>
        <property name="hibernate.c3p0.max_size" value="20"/>
        <property name="hibernate.c3p0.timeout" value="1800"/>
        <property name="hibernate.c3p0.max_statements" value="50"/>
      </properties-param>
    </init-params>
  </component>
  
  <component>
    <key>org.exoplatform.services.cache.CacheService</key>
    <type>org.exoplatform.services.cache.impl.CacheServiceImpl</type>
    <init-params>
      <object-param>
        <name>cache.config.default</name>
        <description>The default cache configuration</description>
        <object type="org.exoplatform.services.cache.ExoCacheConfig">
          <field  name="name"><string>default</string></field>
          <field  name="maxSize"><int>100</int></field>
          <field  name="liveTime"><long>300</long></field>
          <field  name="distributed"><boolean>false</boolean></field>
        </object>
      </object-param>
    </init-params>
  </component>
  
  <component>
    <key>org.exoplatform.services.resources.LocaleConfigService</key>
    <type>org.exoplatform.services.resources.impl.LocaleConfigServiceImpl</type>
      <init-params>
        <value-param>
          <name>locale.config.file</name>
          <value>classpath:/conf/portal/locales-config.xml</value>
        </value-param>
      </init-params>
  </component>
  
  <external-component-plugins>
    <target-component>org.exoplatform.services.database.HibernateService</target-component>
    <component-plugin>
      <name>add.hibernate.mapping</name>
      <set-method>addPlugin</set-method>
      <type>org.exoplatform.services.database.impl.AddHibernateMappingPlugin</type>
      <init-params>
        <values-param>
          <name>hibernate.mapping</name>
          <value>org/exoplatform/services/organization/impl/UserImpl.hbm.xml</value>
          <value>org/exoplatform/services/organization/impl/MembershipImpl.hbm.xml</value>
          <value>org/exoplatform/services/organization/impl/GroupImpl.hbm.xml</value>
          <value>org/exoplatform/services/organization/impl/MembershipTypeImpl.hbm.xml</value>
          <value>org/exoplatform/services/organization/impl/UserProfileData.hbm.xml</value>
          <value>hmb/ConfigurationData.hbm.xml</value>
          <value>hmb/ResourceBundleDescription.hbm.xml</value>
          <value>hmb/ResourceBundleData.hbm.xml</value>
        </values-param>
      </init-params>
    </component-plugin>
  </external-component-plugins>
  
</configuration>
