<repository-service default-repository="db1">
  <repositories>
    <repository name="db1" system-workspace="ws" default-workspace="ws1">
      <security-domain>exo-domain</security-domain>
      <access-control>disable</access-control>
      <authentication-policy>org.exoplatform.services.jcr.impl.core.access.PortalAuthenticationPolicy</authentication-policy>
      <workspaces>
        <workspace name="ws" auto-init-root-nodetype="nt:unstructured">
          <!-- for system storage -->
          <!-- container class="org.exoplatform.services.jcr.impl.storage.rdb.container.HibernateWorkspaceDataContainer" -->
          <container class="org.exoplatform.services.jcr.impl.storage.jdbc.JDBCWorkspaceDataContainer">
            <properties>
              <property name="sourceName" value="jdbcjcr"/>
              <property name="multi-db" value="true"/>
            </properties>
          </container>
          <cache enabled="true">
            <properties>
              <property name="maxSize" value="1000"/>
              <property name="liveTime" value="1800"/><!-- 30 min -->
            </properties>
          </cache>
          <query-handler class="org.exoplatform.services.jcr.impl.core.query.lucene.SearchIndex">
            <properties>
              <property name="indexDir" value="../temp/index"/>
            </properties>
          </query-handler>
        </workspace>
        <workspace name="ws1" auto-init-root-nodetype="nt:unstructured">
          <container class="org.exoplatform.services.jcr.impl.storage.jdbc.JDBCWorkspaceDataContainer">            
            <properties>
              <property name="sourceName" value="jdbcjcr1"/>
              <property name="multi-db" value="true"/>
            </properties>
          </container>
          <cache enabled="true">
            <properties>
              <property name="maxSize" value="1000"/>
              <property name="liveTime" value="10000"/>
            </properties>
          </cache>
          <query-handler class="org.exoplatform.services.jcr.impl.core.query.lucene.SearchIndex">
            <properties>
              <property name="indexDir" value="../temp/index"/>
            </properties>
          </query-handler>
        </workspace>
        <workspace name="ws2" auto-init-root-nodetype="nt:unstructured">
          <container class="org.exoplatform.services.jcr.impl.storage.jdbc.JDBCWorkspaceDataContainer">            
            <properties>
              <property name="sourceName" value="jdbcjcr2"/>
              <property name="multi-db" value="true"/>              
            </properties>
          </container>
          <cache enabled="true">
            <properties>
              <property name="maxSize" value="1000"/>
              <property name="liveTime" value="10000"/>
            </properties>
          </cache>
          <query-handler class="org.exoplatform.services.jcr.impl.core.query.lucene.SearchIndex">
            <properties>
              <property name="indexDir" value="../temp/index"/>
            </properties>
          </query-handler>
        </workspace>
      </workspaces>
    </repository>
  </repositories>
</repository-service>