<?xml version="1.0" encoding="ISO-8859-1"?>
<configuration>
  <component>
    <type>org.exoplatform.services.wsrp2.mocks.MockWSRPService</type>
  </component>
  <remove-configuration>org.exoplatform.services.wsrp2.wsdl.WSRPServiceLocator</remove-configuration>
</configuration>
